============================================================
   Tang Dynasty, V6.1.154205
   Copyright (c) 2012-2025 Anlogic Inc.
   Executable = D:/APP/Anlogic/bin/td.exe
   Built at =   16:13:58 Jan 20 2025
   Run by =     admin
   Run Date =   Mon Aug 11 15:53:14 2025

   Run on =     DESKT-CNBDGRPWD
============================================================
RUN-1002 : start command "import_db D:/APP/Anlogic/fpga_project/I_Anlogic_lvds_7_1_P_N_dynamic_enc_double channel/td_project/LVDS_7_1_Runs/phy_1/LVDS_7_1_pr.db"
RUN-1001 : Importing database generated by Tang Dynasty, V6.1.154205.
RUN-1001 : Database version number 46204.
RUN-1001 : Import flow parameters
RUN-1001 : Import netlist
RUN-1001 : Constructing routing connections ...
PHY-1001 : End build routing graph; 2.970975s wall, 8.531250s user + 0.109375s system = 8.640625s CPU (290.8%)

RUN-1001 : Import timing constraints
RUN-1001 : Import IO constraints
RUN-1001 : Import Inst constraints
RUN-1001 : Import ChipWatcher
RUN-1001 : Import design success TD_VERSION=6.1.154205 , DB_VERSION=46204
RUN-1001 : Start design rule checking ...
PHY-1001 : 2 clock net(s) utilize local routing resource.
PHY-5079 WARNING: Marked 1 clock net(s) utilize the local routing resources. Please check log message and the sinks of clock nets.
RUN-1001 : CTS Local Wire Summary
RUN-1001 : ------------------------------------------------------------------------------------------------------
RUN-1001 :   ClockName  |   DriverType    |  Clock/Fanout  |  LocalWireNum  |         NetName         |  Marked  
RUN-1001 : ------------------------------------------------------------------------------------------------------
RUN-1001 :       -      |   AL_PHY_PAD    |      2/2       |       3        |  I_lvds_rx_clk_e_dup_1  |   true   
RUN-1001 :       -      |  AL_PHY_CONFIG  |      1/1       |       11       |    cwc_jtck_leading     |    -     
RUN-1001 : ------------------------------------------------------------------------------------------------------
RUN-1003 : finish command "import_db D:/APP/Anlogic/fpga_project/I_Anlogic_lvds_7_1_P_N_dynamic_enc_double channel/td_project/LVDS_7_1_Runs/phy_1/LVDS_7_1_pr.db" in  3.159659s wall, 8.718750s user + 0.203125s system = 8.921875s CPU (282.4%)

RUN-1004 : used memory is 694 MB, reserved memory is 674 MB, peak memory is 714 MB
RUN-1002 : start command "update_timing -mode final -ctr"
RUN-1002 : start command "start_timer"
USR-1002 : Derived clock:  create_generated_clock -name {u_rx_pll_even/u_rx_pll/PH1P_PHY_PLL_WRAPPER_393d45aa68c4_Inst/u_PH1P_PHY_PLL.clkc[0]} -source [get_ports {I_lvds_rx_clk_e}] -master_clock {rx_reclk_e} -multiply_by 1.0000 -duty_cycle 50.0000 [get_pins {u_rx_pll_even/u_rx_pll/PH1P_PHY_PLL_WRAPPER_393d45aa68c4_Inst/u_PH1P_PHY_PLL.clkc[0]}]
USR-1002 : Derived clock:  create_generated_clock -name {u_rx_pll_even/u_rx_pll/PH1P_PHY_PLL_WRAPPER_393d45aa68c4_Inst/u_PH1P_PHY_PLL.clkc[1]} -source [get_ports {I_lvds_rx_clk_e}] -master_clock {rx_reclk_e} -multiply_by 3.5000 -duty_cycle 50.0000 [get_pins {u_rx_pll_even/u_rx_pll/PH1P_PHY_PLL_WRAPPER_393d45aa68c4_Inst/u_PH1P_PHY_PLL.clkc[1]}]
USR-1002 : Derived clock:  create_generated_clock -name {u_rx_pll_odd/u_rx_pll/PH1P_PHY_PLL_WRAPPER_393d45aa68c4_Inst/u_PH1P_PHY_PLL.clkc[0]} -source [get_ports {I_lvds_rx_clk_o}] -master_clock {rx_reclk_o} -multiply_by 1.0000 -duty_cycle 50.0000 [get_pins {u_rx_pll_odd/u_rx_pll/PH1P_PHY_PLL_WRAPPER_393d45aa68c4_Inst/u_PH1P_PHY_PLL.clkc[0]}]
USR-1002 : Derived clock:  create_generated_clock -name {u_rx_pll_odd/u_rx_pll/PH1P_PHY_PLL_WRAPPER_393d45aa68c4_Inst/u_PH1P_PHY_PLL.clkc[1]} -source [get_ports {I_lvds_rx_clk_o}] -master_clock {rx_reclk_o} -multiply_by 3.5000 -duty_cycle 50.0000 [get_pins {u_rx_pll_odd/u_rx_pll/PH1P_PHY_PLL_WRAPPER_393d45aa68c4_Inst/u_PH1P_PHY_PLL.clkc[1]}]
USR-1002 : Derived clock:  create_generated_clock -name {u_tx_pll_even/u_tpll/ph1p_phy_pll_wrapper_d8cf02616d56_Inst/u_PH1P_PHY_PLL.clkc[0]} -source [get_ports {I_clk}] -master_clock {I_clk} -multiply_by 7.1429 -duty_cycle 50.0000 [get_pins {u_tx_pll_even/u_tpll/ph1p_phy_pll_wrapper_d8cf02616d56_Inst/u_PH1P_PHY_PLL.clkc[0]}]
USR-1002 : Derived clock:  create_generated_clock -name {u_tx_pll_odd/u_tpll/ph1p_phy_pll_wrapper_d8cf02616d56_Inst/u_PH1P_PHY_PLL.clkc[0]} -source [get_ports {I_clk}] -master_clock {I_clk} -multiply_by 7.1429 -duty_cycle 50.0000 [get_pins {u_tx_pll_odd/u_tpll/ph1p_phy_pll_wrapper_d8cf02616d56_Inst/u_PH1P_PHY_PLL.clkc[0]}]
USR-1002 : Derived clock:  create_generated_clock -name {u_tx_pll_odd/u_tpll/ph1p_phy_pll_wrapper_d8cf02616d56_Inst/u_PH1P_PHY_PLL.clkc[2]} -source [get_ports {I_clk}] -master_clock {I_clk} -multiply_by 7.1429 -duty_cycle 50.0000 [get_pins {u_tx_pll_odd/u_tpll/ph1p_phy_pll_wrapper_d8cf02616d56_Inst/u_PH1P_PHY_PLL.clkc[2]}]
TMR-2502 : Net delay update with mode: Routed
RUN-1003 : finish command "update_timing -mode final -ctr" in  1.311382s wall, 1.296875s user + 0.015625s system = 1.312500s CPU (100.1%)

RUN-1004 : used memory is 756 MB, reserved memory is 736 MB, peak memory is 756 MB
